2024-06-13 11:35:18,994 [INFO] Activator:176 - 


2024-06-13 11:35:18,999 [INFO] Activator:177 - !SESSION log4j initialized
2024-06-13 11:35:21,611 [INFO] LogOutputStream:77 - [STDOUT_REDIRECT] 
2024-06-13 11:35:23,310 [INFO] ApplicationProperties:184 - Using Application install path: D:\STM32\STM32CubeIDE_1.15.1\STM32CubeIDE\plugins\com.st.stm32cube.common.mx_6.11.1.202404110753
2024-06-13 11:35:23,329 [INFO] DbMcusXml:78 - Set database path to: D:\STM32\STM32CubeIDE_1.15.1\STM32CubeIDE\plugins\com.st.stm32cube.common.mx_6.11.1.202404110753\\db\/mcu/
2024-06-13 11:35:23,330 [INFO] ApiDb:274 - Set plugin database path to: D:\STM32\STM32CubeIDE_1.15.1\STM32CubeIDE\plugins\com.st.stm32cube.common.mx_6.11.1.202404110753\\db\/plugins/boardmanager/
2024-06-13 11:35:23,330 [WARN] ApiDb:259 - Overriding images path with different value:  => D:\STM32\STM32CubeIDE_1.15.1\STM32CubeIDE\plugins\com.st.stm32cube.common.mx_6.11.1.202404110753\\db\/plugins/mcufinder/images/
2024-06-13 11:35:23,337 [INFO] ApiDb:250 - Set database path to: C:\Users\Lenovo\.stmcufinder\plugins\mcufinder//mcu/
2024-06-13 11:35:23,338 [INFO] DbMcusAds:125 - Set database path to: C:\Users\Lenovo\.stmcufinder\plugins\mcufinder//mcu/
2024-06-13 11:35:23,341 [INFO] CrossReferenceDbSqlite:203 - Set database path to: C:\Users\Lenovo\.stmcufinder\plugins\mcufinder//mcu/cs/
2024-06-13 11:35:23,472 [INFO] RulesReader:64 - Compatibility file has been processed (297 Rules)
2024-06-13 11:35:23,551 [INFO] DbMcusXml:78 - Set database path to: D:\STM32\STM32CubeIDE_1.15.1\STM32CubeIDE\plugins\com.st.stm32cube.common.mx_6.11.1.202404110753\\db\/mcu/
2024-06-13 11:35:23,551 [INFO] ApiDb:274 - Set plugin database path to: D:\STM32\STM32CubeIDE_1.15.1\STM32CubeIDE\plugins\com.st.stm32cube.common.mx_6.11.1.202404110753\\db\/plugins/boardmanager/
2024-06-13 11:35:23,551 [INFO] ApiDb:261 - Set plugin images path to: D:\STM32\STM32CubeIDE_1.15.1\STM32CubeIDE\plugins\com.st.stm32cube.common.mx_6.11.1.202404110753\\db\/plugins/mcufinder/images/
2024-06-13 11:35:23,551 [WARN] DbFile:41 - Overriding database path with different value: C:\Users\Lenovo\.stmcufinder\plugins\mcufinder/ => C:\Users\Lenovo\.stmcufinder\plugins\mcufinder
2024-06-13 11:35:23,551 [INFO] ApiDb:250 - Set database path to: C:\Users\Lenovo\.stmcufinder\plugins\mcufinder//mcu/
2024-06-13 11:35:23,551 [WARN] DbFile:41 - Overriding database path with different value: C:\Users\Lenovo\.stmcufinder\plugins\mcufinder/ => C:\Users\Lenovo\.stmcufinder\plugins\mcufinder
2024-06-13 11:35:23,551 [INFO] DbMcusAds:125 - Set database path to: C:\Users\Lenovo\.stmcufinder\plugins\mcufinder//mcu/
2024-06-13 11:35:23,552 [WARN] DbFile:41 - Overriding database path with different value: C:\Users\Lenovo\.stmcufinder\plugins\mcufinder/ => C:\Users\Lenovo\.stmcufinder\plugins\mcufinder
2024-06-13 11:35:23,552 [WARN] DbFile:41 - Overriding database path with different value: C:\Users\Lenovo\.stmcufinder\plugins\mcufinder/ => C:\Users\Lenovo\.stmcufinder\plugins\mcufinder
2024-06-13 11:35:23,552 [INFO] CrossReferenceDbSqlite:203 - Set database path to: C:\Users\Lenovo\.stmcufinder\plugins\mcufinder//mcu/cs/
2024-06-13 11:35:23,632 [INFO] MainPanel:264 - HeapMemory: 268435456
2024-06-13 11:35:23,700 [INFO] DbMcusXml:78 - Set database path to: D:\STM32\STM32CubeIDE_1.15.1\STM32CubeIDE\plugins\com.st.stm32cube.common.mx_6.11.1.202404110753\\db\/mcu/
2024-06-13 11:35:23,700 [INFO] ApiDb:274 - Set plugin database path to: D:\STM32\STM32CubeIDE_1.15.1\STM32CubeIDE\plugins\com.st.stm32cube.common.mx_6.11.1.202404110753\\db\/plugins/boardmanager/
2024-06-13 11:35:23,700 [INFO] ApiDb:261 - Set plugin images path to: D:\STM32\STM32CubeIDE_1.15.1\STM32CubeIDE\plugins\com.st.stm32cube.common.mx_6.11.1.202404110753\\db\/plugins/mcufinder/images/
2024-06-13 11:35:23,700 [WARN] DbFile:41 - Overriding database path with different value: C:\Users\Lenovo\.stmcufinder\plugins\mcufinder/ => C:\Users\Lenovo\.stmcufinder\plugins\mcufinder
2024-06-13 11:35:23,700 [INFO] ApiDb:250 - Set database path to: C:\Users\Lenovo\.stmcufinder\plugins\mcufinder//mcu/
2024-06-13 11:35:23,701 [WARN] DbFile:41 - Overriding database path with different value: C:\Users\Lenovo\.stmcufinder\plugins\mcufinder/ => C:\Users\Lenovo\.stmcufinder\plugins\mcufinder
2024-06-13 11:35:23,701 [INFO] DbMcusAds:125 - Set database path to: C:\Users\Lenovo\.stmcufinder\plugins\mcufinder//mcu/
2024-06-13 11:35:23,701 [WARN] DbFile:41 - Overriding database path with different value: C:\Users\Lenovo\.stmcufinder\plugins\mcufinder/ => C:\Users\Lenovo\.stmcufinder\plugins\mcufinder
2024-06-13 11:35:23,701 [WARN] DbFile:41 - Overriding database path with different value: C:\Users\Lenovo\.stmcufinder\plugins\mcufinder/ => C:\Users\Lenovo\.stmcufinder\plugins\mcufinder
2024-06-13 11:35:23,701 [INFO] CrossReferenceDbSqlite:203 - Set database path to: C:\Users\Lenovo\.stmcufinder\plugins\mcufinder//mcu/cs/
2024-06-13 11:35:23,715 [INFO] ApplicationProperties:184 - Using Application install path: D:\STM32\STM32CubeIDE_1.15.1\STM32CubeIDE\plugins\com.st.stm32cube.common.mx_6.11.1.202404110753
2024-06-13 11:35:23,717 [INFO] PluginManage:196 - Search for loadable plugins [exclusion list=, ]
2024-06-13 11:35:23,718 [INFO] PluginManage:310 - Check plugin analytics
2024-06-13 11:35:23,873 [INFO] AnalyticsPlugin:253 - Accepted Software Licenses: 
2024-06-13 11:35:23,873 [INFO] AnalyticsPlugin:255 - Accepted CMSIS Pack Licenses: 
2024-06-13 11:35:23,873 [INFO] AnalyticsPlugin:257 - Accepted Firmware Licenses: FW.L4.1.18.0
2024-06-13 11:35:23,876 [INFO] PluginManage:359 - Loaded plugin analytics (category:tool,tabindex:-1)
2024-06-13 11:35:23,876 [INFO] PluginManage:310 - Check plugin cadmodel
2024-06-13 11:35:23,879 [INFO] CADModel:105 - Init CAD model plugin
2024-06-13 11:35:23,880 [INFO] PluginManage:359 - Loaded plugin cadmodel (category:power,tabindex:5)
2024-06-13 11:35:23,880 [INFO] PluginManage:310 - Check plugin clock
2024-06-13 11:35:23,887 [INFO] PluginManage:359 - Loaded plugin clock (category:base,tabindex:2)
2024-06-13 11:35:23,887 [INFO] PluginManage:310 - Check plugin ddr
2024-06-13 11:35:23,889 [INFO] PluginManage:359 - Loaded plugin ddr (category:tool,tabindex:6)
2024-06-13 11:35:23,889 [INFO] PluginManage:310 - Check plugin filemanager
2024-06-13 11:35:24,041 [INFO] PluginManage:359 - Loaded plugin filemanager (category:base,tabindex:10)
2024-06-13 11:35:24,042 [INFO] PluginManage:310 - Check plugin ipmanager
2024-06-13 11:35:24,049 [INFO] PluginManage:359 - Loaded plugin ipmanager (category:base,tabindex:5)
2024-06-13 11:35:24,050 [INFO] PluginManage:310 - Check plugin lpbam
2024-06-13 11:35:24,064 [INFO] PluginManage:359 - Loaded plugin lpbam (category:base,tabindex:0)
2024-06-13 11:35:24,064 [INFO] PluginManage:310 - Check plugin memorymap
2024-06-13 11:35:24,077 [INFO] PluginManage:359 - Loaded plugin memorymap (category:base,tabindex:4)
2024-06-13 11:35:24,078 [INFO] PluginManage:310 - Check plugin pinoutandconfiguration
2024-06-13 11:35:24,085 [INFO] PluginManage:359 - Loaded plugin pinoutandconfiguration (category:base,tabindex:1)
2024-06-13 11:35:24,085 [INFO] PluginManage:310 - Check plugin pinoutconfig
2024-06-13 11:35:24,167 [WARN] SupportedApi:132 - Cannot load RTOS API schema: s4s-elt-must-match.1: The content of 'definitions' must match (annotation?, (simpleType | complexType)?, (unique | key | keyref)*)). A problem was found starting at: attribute.
2024-06-13 11:35:24,290 [INFO] PluginManage:359 - Loaded plugin pinoutconfig (category:base,tabindex:0)
2024-06-13 11:35:24,290 [INFO] PluginManage:310 - Check plugin power
2024-06-13 11:35:24,298 [INFO] PluginManage:359 - Loaded plugin power (category:power,tabindex:4)
2024-06-13 11:35:24,298 [INFO] PluginManage:310 - Check plugin projectmanager
2024-06-13 11:35:24,312 [INFO] PluginManage:359 - Loaded plugin projectmanager (category:projectmanager,tabindex:3)
2024-06-13 11:35:24,312 [INFO] PluginManage:310 - Check plugin thirdparty
2024-06-13 11:35:24,411 [INFO] PluginManage:359 - Loaded plugin thirdparty (category:base,tabindex:-1)
2024-06-13 11:35:24,411 [INFO] PluginManage:310 - Check plugin tools
2024-06-13 11:35:24,411 [WARN] IntegrityCheckThread:84 - waiting for thirdparty lock release [integrity check]
2024-06-13 11:35:24,411 [INFO] IntegrityCheckThread:86 - entering critical section [integrity check]
2024-06-13 11:35:24,412 [INFO] ThirdPartyUpdaterWithRetryManager:70 - Updater plugin not ready yet. [1/15]
2024-06-13 11:35:24,413 [INFO] PluginManage:359 - Loaded plugin tools (category:base,tabindex:7)
2024-06-13 11:35:24,413 [INFO] PluginManage:310 - Check plugin tutovideos
2024-06-13 11:35:24,547 [INFO] PluginManage:359 - Loaded plugin tutovideos (category:base,tabindex:-1)
2024-06-13 11:35:24,547 [INFO] PluginManage:310 - Check plugin updater
2024-06-13 11:35:24,556 [INFO] PluginManage:359 - Loaded plugin updater (category:base,tabindex:12)
2024-06-13 11:35:24,556 [INFO] PluginManage:310 - Check plugin userauth
2024-06-13 11:35:24,560 [INFO] UserAuth:114 - Init User Auth plugin
2024-06-13 11:35:24,560 [INFO] PluginManage:359 - Loaded plugin userauth (category:base,tabindex:14)
2024-06-13 11:35:24,560 [INFO] PluginManage:283 - PluginManage : Loaded plugins [17]
2024-06-13 11:35:24,724 [INFO] PinOutPanel:1561 - setPackage(No Configuration,No Configuration)
2024-06-13 11:35:24,793 [INFO] CADModel:165 - CPN selected for project level
2024-06-13 11:35:24,793 [INFO] CADModel:114 - Register for checkConnection events
2024-06-13 11:35:24,808 [INFO] IPUIPlugin:80 - create IPUIPlugin
2024-06-13 11:35:24,809 [INFO] PluginManager:220 - loadIPPluginJar : add adc
2024-06-13 11:35:24,810 [INFO] IPUIPlugin:80 - create IPUIPlugin
2024-06-13 11:35:24,811 [INFO] PluginManager:220 - loadIPPluginJar : add aes
2024-06-13 11:35:24,813 [INFO] IPUIPlugin:80 - create IPUIPlugin
2024-06-13 11:35:24,813 [INFO] PluginManager:220 - loadIPPluginJar : add can
2024-06-13 11:35:24,814 [INFO] IPUIPlugin:80 - create IPUIPlugin
2024-06-13 11:35:24,814 [INFO] PluginManager:220 - loadIPPluginJar : add comp
2024-06-13 11:35:24,816 [INFO] IPUIPlugin:80 - create IPUIPlugin
2024-06-13 11:35:24,816 [INFO] PluginManager:220 - loadIPPluginJar : add cryp
2024-06-13 11:35:24,818 [INFO] IPUIPlugin:80 - create IPUIPlugin
2024-06-13 11:35:24,818 [INFO] PluginManager:220 - loadIPPluginJar : add dfsdm
2024-06-13 11:35:24,823 [INFO] IPUIPlugin:80 - create IPUIPlugin
2024-06-13 11:35:24,823 [INFO] PluginManager:220 - loadIPPluginJar : add dma
2024-06-13 11:35:24,826 [INFO] IPUIPlugin:80 - create IPUIPlugin
2024-06-13 11:35:24,826 [INFO] PluginManager:220 - loadIPPluginJar : add dma3
2024-06-13 11:35:24,828 [INFO] IPUIPlugin:80 - create IPUIPlugin
2024-06-13 11:35:24,829 [INFO] PluginManager:220 - loadIPPluginJar : add extmemmanager
2024-06-13 11:35:24,830 [INFO] IPUIPlugin:80 - create IPUIPlugin
2024-06-13 11:35:24,830 [INFO] PluginManager:220 - loadIPPluginJar : add fatfs
2024-06-13 11:35:24,833 [INFO] IPUIPlugin:80 - create IPUIPlugin
2024-06-13 11:35:24,834 [INFO] PluginManager:220 - loadIPPluginJar : add fmc
2024-06-13 11:35:24,839 [INFO] IPUIPlugin:80 - create IPUIPlugin
2024-06-13 11:35:24,839 [INFO] PluginManager:220 - loadIPPluginJar : add freertos
2024-06-13 11:35:24,840 [INFO] IPUIPlugin:80 - create IPUIPlugin
2024-06-13 11:35:24,840 [INFO] PluginManager:220 - loadIPPluginJar : add genericplugin
2024-06-13 11:35:24,842 [INFO] IPUIPlugin:80 - create IPUIPlugin
2024-06-13 11:35:24,842 [INFO] PluginManager:220 - loadIPPluginJar : add gfxmmu
2024-06-13 11:35:24,846 [INFO] IPUIPlugin:80 - create IPUIPlugin
2024-06-13 11:35:24,846 [INFO] PluginManager:220 - loadIPPluginJar : add gic
2024-06-13 11:35:24,849 [INFO] IPUIPlugin:80 - create IPUIPlugin
2024-06-13 11:35:24,850 [INFO] PluginManager:220 - loadIPPluginJar : add gpio
2024-06-13 11:35:24,851 [INFO] IPUIPlugin:80 - create IPUIPlugin
2024-06-13 11:35:24,851 [INFO] PluginManager:220 - loadIPPluginJar : add gtzc
2024-06-13 11:35:24,853 [INFO] IPUIPlugin:80 - create IPUIPlugin
2024-06-13 11:35:24,853 [INFO] PluginManager:220 - loadIPPluginJar : add hash
2024-06-13 11:35:24,855 [INFO] IPUIPlugin:80 - create IPUIPlugin
2024-06-13 11:35:24,855 [INFO] PluginManager:220 - loadIPPluginJar : add i2c
2024-06-13 11:35:24,857 [INFO] IPUIPlugin:80 - create IPUIPlugin
2024-06-13 11:35:24,857 [INFO] PluginManager:220 - loadIPPluginJar : add i2s
2024-06-13 11:35:24,859 [INFO] IPUIPlugin:80 - create IPUIPlugin
2024-06-13 11:35:24,860 [INFO] PluginManager:220 - loadIPPluginJar : add i3c
2024-06-13 11:35:24,862 [INFO] IPUIPlugin:80 - create IPUIPlugin
2024-06-13 11:35:24,862 [INFO] PluginManager:220 - loadIPPluginJar : add ipddr
2024-06-13 11:35:24,867 [INFO] IPUIPlugin:80 - create IPUIPlugin
2024-06-13 11:35:24,867 [INFO] PluginManager:220 - loadIPPluginJar : add linkedlist
2024-06-13 11:35:24,869 [INFO] IPUIPlugin:80 - create IPUIPlugin
2024-06-13 11:35:24,869 [INFO] PluginManager:220 - loadIPPluginJar : add lorawan
2024-06-13 11:35:24,870 [INFO] IPUIPlugin:80 - create IPUIPlugin
2024-06-13 11:35:24,870 [INFO] PluginManager:220 - loadIPPluginJar : add ltdc
2024-06-13 11:35:24,874 [INFO] IPUIPlugin:80 - create IPUIPlugin
2024-06-13 11:35:24,874 [INFO] PluginManager:220 - loadIPPluginJar : add mdma
2024-06-13 11:35:24,876 [INFO] IPUIPlugin:80 - create IPUIPlugin
2024-06-13 11:35:24,877 [INFO] PluginManager:220 - loadIPPluginJar : add nvic
2024-06-13 11:35:24,879 [INFO] IPUIPlugin:80 - create IPUIPlugin
2024-06-13 11:35:24,879 [INFO] PluginManager:220 - loadIPPluginJar : add opamp
2024-06-13 11:35:24,882 [INFO] IPUIPlugin:80 - create IPUIPlugin
2024-06-13 11:35:24,882 [INFO] PluginManager:220 - loadIPPluginJar : add openamp
2024-06-13 11:35:24,884 [INFO] IPUIPlugin:80 - create IPUIPlugin
2024-06-13 11:35:24,884 [INFO] PluginManager:220 - loadIPPluginJar : add pdm2pcm
2024-06-13 11:35:24,889 [INFO] IPUIPlugin:80 - create IPUIPlugin
2024-06-13 11:35:24,891 [INFO] PluginManager:220 - loadIPPluginJar : add plateformsettings
2024-06-13 11:35:24,892 [INFO] IPUIPlugin:80 - create IPUIPlugin
2024-06-13 11:35:24,892 [INFO] PluginManager:220 - loadIPPluginJar : add quadspi
2024-06-13 11:35:24,895 [INFO] IPUIPlugin:80 - create IPUIPlugin
2024-06-13 11:35:24,895 [INFO] PluginManager:220 - loadIPPluginJar : add resmgrutility
2024-06-13 11:35:24,897 [INFO] IPUIPlugin:80 - create IPUIPlugin
2024-06-13 11:35:24,898 [INFO] PluginManager:220 - loadIPPluginJar : add sai
2024-06-13 11:35:24,900 [INFO] IPUIPlugin:80 - create IPUIPlugin
2024-06-13 11:35:24,900 [INFO] PluginManager:220 - loadIPPluginJar : add spi
2024-06-13 11:35:24,905 [INFO] IPUIPlugin:80 - create IPUIPlugin
2024-06-13 11:35:24,905 [INFO] PluginManager:220 - loadIPPluginJar : add stm32_wpan
2024-06-13 11:35:24,906 [INFO] IPUIPlugin:80 - create IPUIPlugin
2024-06-13 11:35:24,906 [INFO] PluginManager:220 - loadIPPluginJar : add tim
2024-06-13 11:35:24,908 [INFO] IPUIPlugin:80 - create IPUIPlugin
2024-06-13 11:35:24,909 [INFO] PluginManager:220 - loadIPPluginJar : add touchsensing
2024-06-13 11:35:24,910 [INFO] IPUIPlugin:80 - create IPUIPlugin
2024-06-13 11:35:24,910 [INFO] PluginManager:220 - loadIPPluginJar : add tracer_emb
2024-06-13 11:35:24,912 [INFO] IPUIPlugin:80 - create IPUIPlugin
2024-06-13 11:35:24,912 [INFO] PluginManager:220 - loadIPPluginJar : add ts
2024-06-13 11:35:24,913 [INFO] IPUIPlugin:80 - create IPUIPlugin
2024-06-13 11:35:24,913 [INFO] PluginManager:220 - loadIPPluginJar : add tsc
2024-06-13 11:35:24,914 [INFO] IPUIPlugin:80 - create IPUIPlugin
2024-06-13 11:35:24,915 [INFO] PluginManager:220 - loadIPPluginJar : add ucpd
2024-06-13 11:35:24,917 [INFO] IPUIPlugin:80 - create IPUIPlugin
2024-06-13 11:35:24,917 [INFO] PluginManager:220 - loadIPPluginJar : add usart
2024-06-13 11:35:24,919 [INFO] IPUIPlugin:80 - create IPUIPlugin
2024-06-13 11:35:24,919 [INFO] PluginManager:220 - loadIPPluginJar : add usbx
2024-06-13 11:35:25,040 [INFO] CADModel:165 - CPN selected for project level
2024-06-13 11:35:25,040 [INFO] CADModel:114 - Register for checkConnection events
2024-06-13 11:35:25,040 [FATAL] Updater:308 - Updater called before beeing initialized
2024-06-13 11:35:25,041 [ERROR] CADModel:125 - Updater not yet initialized, retry later 
2024-06-13 11:35:25,140 [INFO] CADModel:165 - CPN selected for project level
2024-06-13 11:35:25,140 [INFO] CADModel:114 - Register for checkConnection events
2024-06-13 11:35:25,140 [FATAL] Updater:308 - Updater called before beeing initialized
2024-06-13 11:35:25,140 [ERROR] CADModel:125 - Updater not yet initialized, retry later 
2024-06-13 11:35:25,143 [FATAL] Updater:308 - Updater called before beeing initialized
2024-06-13 11:35:25,239 [FATAL] Updater:308 - Updater called before beeing initialized
2024-06-13 11:35:25,243 [INFO] DbMcusAds:53 - JSON generation date=Thu May 16 17:22:00 CST 2024 (1715851320852)
2024-06-13 11:35:25,244 [FATAL] Updater:308 - Updater called before beeing initialized
2024-06-13 11:35:25,275 [WARN] DetailPanel:346 - Failed to get advertising image, set to default
2024-06-13 11:35:25,355 [FATAL] Updater:308 - Updater called before beeing initialized
2024-06-13 11:35:25,356 [FATAL] Updater:308 - Updater called before beeing initialized
2024-06-13 11:35:25,357 [FATAL] Updater:308 - Updater called before beeing initialized
2024-06-13 11:35:25,357 [WARN] DetailPanel:346 - Failed to get advertising image, set to default
2024-06-13 11:35:25,357 [FATAL] Updater:308 - Updater called before beeing initialized
2024-06-13 11:35:25,397 [ERROR] Updater:1120 - MainUpdater not yet initialized. External WinMGr cannot be set.
2024-06-13 11:35:25,400 [INFO] Updater:1056 - Updater Version found : 6.11.1
2024-06-13 11:35:25,416 [INFO] ApplicationProperties:184 - Using Application install path: D:\STM32\STM32CubeIDE_1.15.1\STM32CubeIDE\plugins\com.st.stm32cube.common.mx_6.11.1.202404110753
2024-06-13 11:35:26,990 [ERROR] LogOutputStream:75 - [STDERR_REDIRECT] Jun 13, 2024 11:35:26 AM java.util.prefs.WindowsPreferences <init>
2024-06-13 11:35:26,991 [ERROR] LogOutputStream:75 - [STDERR_REDIRECT] WARNING: Could not open/create prefs root node Software\JavaSoft\Prefs at root 0xffffffff80000002. Windows RegCreateKeyEx(...) returned error code 5.
2024-06-13 11:35:26,991 [ERROR] LogOutputStream:75 - [STDERR_REDIRECT] 
2024-06-13 11:35:27,278 [INFO] MainUpdater:2873 - connection check result : 10
2024-06-13 11:35:27,278 [INFO] MainUpdater:290 - Updater Check For Update Now.
2024-06-13 11:35:27,279 [INFO] MicroXplorer:498 - Change Database Version : DB.6.0.111
2024-06-13 11:35:27,285 [INFO] McuFinderGlobals:63 - Set McuFinder mode to 2 (CubeIDE integrated)
2024-06-13 11:35:27,292 [INFO] UserAuth:415 - Internet connection configuration mode: 1
2024-06-13 11:35:27,315 [INFO] JxBrowserEngine:152 - Initiate JxBrowser Engine with user profile folder
2024-06-13 11:35:27,415 [WARN] MainUpdater:1194 - Updater busy. Cannot search thirdparties
2024-06-13 11:35:27,415 [INFO] ThirdPartyUpdaterWithRetryManager:96 - Updater plugin is busy. [1/15]
2024-06-13 11:35:27,474 [INFO] CheckServerUpdateThread:120 - End of CheckServer Thread
2024-06-13 11:35:27,847 [INFO] WebApp:161 - Instantiating new browser for Auth
2024-06-13 11:35:28,423 [INFO] WebApp:779 - Register for checkConnection events
2024-06-13 11:35:28,423 [INFO] WebApp:414 - Apply proxy settings
2024-06-13 11:35:28,424 [INFO] WebApp:499 - Chromium requires no authentication
2024-06-13 11:35:28,432 [INFO] WebApp:442 - Direct internet connection detected
2024-06-13 11:35:28,586 [INFO] WebApp:192 - Starting web application
2024-06-13 11:35:28,586 [INFO] WebApp:544 - Web application path used D:\STM32\STM32CubeIDE_1.15.1\STM32CubeIDE\plugins\com.st.stm32cube.common.mx_6.11.1.202404110753\db\plugins\mcufinder\reactClient1\index.html
2024-06-13 11:35:30,574 [WARN] PackLoader:240 - Cannot read IP mode file for STMicroelectronics.X-CUBE-SMBUS.2.1.0
2024-06-13 11:35:30,581 [WARN] PackLoader:240 - Cannot read IP mode file for STMicroelectronics.X-CUBE-TOUCHGFX.4.23.2
2024-06-13 11:35:30,622 [WARN] PackLoader:240 - Cannot read IP mode file for STMicroelectronics.X-CUBE-AZRTOS-F7.1.1.0
2024-06-13 11:35:30,637 [WARN] PackLoader:240 - Cannot read IP mode file for STMicroelectronics.FP-SNS-FLIGHT1.5.0.2
2024-06-13 11:35:30,648 [WARN] PackLoader:240 - Cannot read IP mode file for STMicroelectronics.X-CUBE-DISPLAY.3.0.0
2024-06-13 11:35:30,667 [WARN] PackLoader:240 - Cannot read IP mode file for STMicroelectronics.X-CUBE-BLE1.7.0.0
2024-06-13 11:35:30,675 [WARN] PackLoader:240 - Cannot read IP mode file for emotas.I-CUBE-CANOPEN.1.3.0
2024-06-13 11:35:30,694 [WARN] PackLoader:240 - Cannot read IP mode file for STMicroelectronics.X-CUBE-BLEMGR.3.1.0
2024-06-13 11:35:30,722 [WARN] PackLoader:240 - Cannot read IP mode file for STMicroelectronics.FP-SNS-SMARTAG2.1.2.0
2024-06-13 11:35:30,737 [INFO] LogOutputStream:77 - [STDOUT_REDIRECT] 1 : Invalid condition id : UX_CORESTACK_Condition cause : null
2024-06-13 11:35:30,737 [INFO] LogOutputStream:77 - [STDOUT_REDIRECT] 1 : Invalid condition id : UX_CORESTACK_Condition cause : null
2024-06-13 11:35:30,739 [INFO] LogOutputStream:77 - [STDOUT_REDIRECT] 1 : Invalid condition id : UX_CORESTACK_Condition cause : null
2024-06-13 11:35:30,750 [INFO] LogOutputStream:77 - [STDOUT_REDIRECT] 1 : Invalid condition id : UX_CORESTACK_Condition cause : null
2024-06-13 11:35:30,751 [INFO] LogOutputStream:77 - [STDOUT_REDIRECT] 1 : Invalid condition id : UX_CORESTACK_Condition cause : null
2024-06-13 11:35:30,756 [WARN] PackLoader:240 - Cannot read IP mode file for STMicroelectronics.X-CUBE-AZRTOS-WL.2.0.0
2024-06-13 11:35:30,762 [WARN] PackLoader:240 - Cannot read IP mode file for STMicroelectronics.X-CUBE-BLE2.3.3.0
2024-06-13 11:35:30,784 [WARN] PackLoader:240 - Cannot read IP mode file for STMicroelectronics.X-CUBE-AZRTOS-G0.1.1.0
2024-06-13 11:35:30,794 [WARN] PackLoader:240 - Cannot read IP mode file for STMicroelectronics.X-CUBE-NFC4.3.0.0
2024-06-13 11:35:30,799 [WARN] PackLoader:240 - Cannot read IP mode file for wolfSSL.I-CUBE-wolfMQTT.1.18.0
2024-06-13 11:35:30,803 [WARN] PackLoader:240 - Cannot read IP mode file for wolfSSL.I-CUBE-wolfSSL.5.7.0
2024-06-13 11:35:30,807 [WARN] PackLoader:240 - Cannot read IP mode file for STMicroelectronics.FP-ATR-SIGFOX1.3.2.0
2024-06-13 11:35:30,814 [WARN] PackLoader:240 - Cannot read IP mode file for STMicroelectronics.X-CUBE-EEPRMA1.5.1.0
2024-06-13 11:35:30,821 [WARN] PackLoader:240 - Cannot read IP mode file for ITTIA_DB.I-CUBE-ITTIADB.8.9.0
2024-06-13 11:35:30,848 [WARN] PackLoader:240 - Cannot read IP mode file for SEGGER.I-CUBE-embOS.1.3.1
2024-06-13 11:35:30,884 [WARN] PackLoader:240 - Cannot read IP mode file for STMicroelectronics.X-CUBE-ALGOBUILD.1.4.0
2024-06-13 11:35:30,889 [WARN] PackLoader:240 - Cannot read IP mode file for STMicroelectronics.X-CUBE-GNSS1.6.0.0
2024-06-13 11:35:30,909 [WARN] PackLoader:240 - Cannot read IP mode file for STMicroelectronics.X-CUBE-AZRTOS-F4.1.1.0
2024-06-13 11:35:30,927 [WARN] PackLoader:240 - Cannot read IP mode file for STMicroelectronics.X-CUBE-AZRTOS-L5.2.0.0
2024-06-13 11:35:30,934 [WARN] PackLoader:240 - Cannot read IP mode file for STMicroelectronics.X-CUBE-NFC7.1.0.1
2024-06-13 11:35:30,949 [WARN] ConditionMgr:438 - getConditionDescription Invalid condition id : LAN8742 Phy interface Condition cause : null
2024-06-13 11:35:30,950 [WARN] PackLoader:240 - Cannot read IP mode file for STMicroelectronics.X-CUBE-AZRTOS-L4.2.0.0
2024-06-13 11:35:30,952 [WARN] ConditionMgr:1039 - genDependencies : Invalid condition id : LAN8742 Phy interface Condition cause : null
2024-06-13 11:35:30,952 [WARN] ConditionMgr:1039 - genDependencies : Invalid condition id : LAN8742 Phy interface Condition cause : null
2024-06-13 11:35:30,953 [WARN] ConditionMgr:1039 - genDependencies : Invalid condition id : LAN8742 Phy interface Condition cause : null
2024-06-13 11:35:30,959 [WARN] PackLoader:240 - Cannot read IP mode file for STMicroelectronics.X-CUBE-SFXS2LP1.4.0.0
2024-06-13 11:35:30,968 [WARN] ConditionMgr:438 - getConditionDescription Invalid condition id : UX DEVICE CLASS RTOS Condition cause : null
2024-06-13 11:35:30,969 [WARN] ConditionMgr:438 - getConditionDescription Invalid condition id : UX DEVICE CLASS RTOS Condition cause : null
2024-06-13 11:35:30,970 [WARN] PackLoader:240 - Cannot read IP mode file for STMicroelectronics.X-CUBE-AZRTOS-WB.2.0.0
2024-06-13 11:35:30,971 [WARN] ConditionMgr:1039 - genDependencies : Invalid condition id : UX DEVICE CLASS RTOS Condition cause : null
2024-06-13 11:35:30,971 [WARN] ConditionMgr:1039 - genDependencies : Invalid condition id : UX DEVICE CLASS RTOS Condition cause : null
2024-06-13 11:35:30,971 [WARN] ConditionMgr:1039 - genDependencies : Invalid condition id : UX DEVICE CLASS RTOS Condition cause : null
2024-06-13 11:35:30,971 [WARN] ConditionMgr:1039 - genDependencies : Invalid condition id : UX DEVICE CLASS RTOS Condition cause : null
2024-06-13 11:35:30,971 [WARN] ConditionMgr:1039 - genDependencies : Invalid condition id : UX DEVICE CLASS RTOS Condition cause : null
2024-06-13 11:35:30,979 [WARN] PackLoader:240 - Cannot read IP mode file for STMicroelectronics.X-CUBE-SUBG2.5.0.0
2024-06-13 11:35:30,989 [WARN] PackLoader:240 - Cannot read IP mode file for Cesanta.I-CUBE-Mongoose.7.13.0
2024-06-13 11:35:31,000 [WARN] PackLoader:240 - Cannot read IP mode file for STMicroelectronics.X-CUBE-AZRTOS-G4.2.0.0
2024-06-13 11:35:31,005 [WARN] PackLoader:240 - Cannot read IP mode file for STMicroelectronics.X-CUBE-ISPU.2.0.0
2024-06-13 11:35:31,009 [WARN] PackLoader:240 - Cannot read IP mode file for STMicroelectronics.X-CUBE-ALS.1.0.2
2024-06-13 11:35:31,037 [WARN] PackLoader:240 - Cannot read IP mode file for STMicroelectronics.X-CUBE-MEMS1.10.0.0
2024-06-13 11:35:31,151 [WARN] PackLoader:240 - Cannot read IP mode file for portGmbH.I-Cube-SoM-uGOAL.1.1.0
2024-06-13 11:35:31,155 [WARN] PackLoader:240 - Cannot read IP mode file for STMicroelectronics.X-CUBE-ALS.1.0.1
2024-06-13 11:35:31,171 [WARN] PackLoader:240 - Cannot read IP mode file for STMicroelectronics.X-CUBE-AZRTOS-H7RS.1.0.0
2024-06-13 11:35:31,175 [WARN] PackLoader:240 - Cannot read IP mode file for STMicroelectronics.FP-ATR-ASTRA1.2.0.0
2024-06-13 11:35:31,183 [WARN] PackLoader:240 - Cannot read IP mode file for STMicroelectronics.X-CUBE-TOF1.3.4.1
2024-06-13 11:35:31,205 [WARN] PackLoader:240 - Cannot read IP mode file for STMicroelectronics.X-CUBE-AZRTOS-H7.3.2.0
2024-06-13 11:35:31,216 [WARN] PackLoader:240 - Cannot read IP mode file for Infineon.AIROC-Wi-Fi-Bluetooth-STM32.1.6.0
2024-06-13 11:35:31,220 [INFO] ThirdParty:978 - Integrity check success = true
2024-06-13 11:35:31,220 [INFO] IntegrityCheckThread:100 - exiting critical section [integrity check]
2024-06-13 11:35:31,220 [INFO] IntegrityCheckThread:103 - End integrity checks thread
2024-06-13 11:35:35,143 [ERROR] LogOutputStream:75 - [STDERR_REDIRECT] 
2024-06-13 11:35:35,146 [ERROR] LogOutputStream:75 - [STDERR_REDIRECT] 
2024-06-13 14:46:10,229 [INFO] Activator:176 - 


2024-06-13 14:46:10,231 [INFO] Activator:177 - !SESSION log4j initialized
2024-06-13 14:46:12,679 [INFO] LogOutputStream:77 - [STDOUT_REDIRECT] 
2024-06-13 14:46:14,533 [INFO] ApplicationProperties:184 - Using Application install path: D:\STM32\STM32CubeIDE_1.15.1\STM32CubeIDE\plugins\com.st.stm32cube.common.mx_6.11.1.202404110753
2024-06-13 14:46:14,549 [INFO] DbMcusXml:78 - Set database path to: D:\STM32\STM32CubeIDE_1.15.1\STM32CubeIDE\plugins\com.st.stm32cube.common.mx_6.11.1.202404110753\\db\/mcu/
2024-06-13 14:46:14,550 [INFO] ApiDb:274 - Set plugin database path to: D:\STM32\STM32CubeIDE_1.15.1\STM32CubeIDE\plugins\com.st.stm32cube.common.mx_6.11.1.202404110753\\db\/plugins/boardmanager/
2024-06-13 14:46:14,550 [WARN] ApiDb:259 - Overriding images path with different value:  => D:\STM32\STM32CubeIDE_1.15.1\STM32CubeIDE\plugins\com.st.stm32cube.common.mx_6.11.1.202404110753\\db\/plugins/mcufinder/images/
2024-06-13 14:46:14,554 [INFO] ApiDb:250 - Set database path to: C:\Users\Lenovo\.stmcufinder\plugins\mcufinder//mcu/
2024-06-13 14:46:14,555 [INFO] DbMcusAds:125 - Set database path to: C:\Users\Lenovo\.stmcufinder\plugins\mcufinder//mcu/
2024-06-13 14:46:14,557 [INFO] CrossReferenceDbSqlite:203 - Set database path to: C:\Users\Lenovo\.stmcufinder\plugins\mcufinder//mcu/cs/
2024-06-13 14:46:14,657 [INFO] RulesReader:64 - Compatibility file has been processed (297 Rules)
2024-06-13 14:46:14,735 [INFO] DbMcusXml:78 - Set database path to: D:\STM32\STM32CubeIDE_1.15.1\STM32CubeIDE\plugins\com.st.stm32cube.common.mx_6.11.1.202404110753\\db\/mcu/
2024-06-13 14:46:14,735 [INFO] ApiDb:274 - Set plugin database path to: D:\STM32\STM32CubeIDE_1.15.1\STM32CubeIDE\plugins\com.st.stm32cube.common.mx_6.11.1.202404110753\\db\/plugins/boardmanager/
2024-06-13 14:46:14,735 [INFO] ApiDb:261 - Set plugin images path to: D:\STM32\STM32CubeIDE_1.15.1\STM32CubeIDE\plugins\com.st.stm32cube.common.mx_6.11.1.202404110753\\db\/plugins/mcufinder/images/
2024-06-13 14:46:14,736 [WARN] DbFile:41 - Overriding database path with different value: C:\Users\Lenovo\.stmcufinder\plugins\mcufinder/ => C:\Users\Lenovo\.stmcufinder\plugins\mcufinder
2024-06-13 14:46:14,736 [INFO] ApiDb:250 - Set database path to: C:\Users\Lenovo\.stmcufinder\plugins\mcufinder//mcu/
2024-06-13 14:46:14,736 [WARN] DbFile:41 - Overriding database path with different value: C:\Users\Lenovo\.stmcufinder\plugins\mcufinder/ => C:\Users\Lenovo\.stmcufinder\plugins\mcufinder
2024-06-13 14:46:14,736 [INFO] DbMcusAds:125 - Set database path to: C:\Users\Lenovo\.stmcufinder\plugins\mcufinder//mcu/
2024-06-13 14:46:14,736 [WARN] DbFile:41 - Overriding database path with different value: C:\Users\Lenovo\.stmcufinder\plugins\mcufinder/ => C:\Users\Lenovo\.stmcufinder\plugins\mcufinder
2024-06-13 14:46:14,736 [WARN] DbFile:41 - Overriding database path with different value: C:\Users\Lenovo\.stmcufinder\plugins\mcufinder/ => C:\Users\Lenovo\.stmcufinder\plugins\mcufinder
2024-06-13 14:46:14,736 [INFO] CrossReferenceDbSqlite:203 - Set database path to: C:\Users\Lenovo\.stmcufinder\plugins\mcufinder//mcu/cs/
2024-06-13 14:46:14,795 [INFO] MainPanel:264 - HeapMemory: 268435456
2024-06-13 14:46:14,850 [INFO] DbMcusXml:78 - Set database path to: D:\STM32\STM32CubeIDE_1.15.1\STM32CubeIDE\plugins\com.st.stm32cube.common.mx_6.11.1.202404110753\\db\/mcu/
2024-06-13 14:46:14,850 [INFO] ApiDb:274 - Set plugin database path to: D:\STM32\STM32CubeIDE_1.15.1\STM32CubeIDE\plugins\com.st.stm32cube.common.mx_6.11.1.202404110753\\db\/plugins/boardmanager/
2024-06-13 14:46:14,850 [INFO] ApiDb:261 - Set plugin images path to: D:\STM32\STM32CubeIDE_1.15.1\STM32CubeIDE\plugins\com.st.stm32cube.common.mx_6.11.1.202404110753\\db\/plugins/mcufinder/images/
2024-06-13 14:46:14,850 [WARN] DbFile:41 - Overriding database path with different value: C:\Users\Lenovo\.stmcufinder\plugins\mcufinder/ => C:\Users\Lenovo\.stmcufinder\plugins\mcufinder
2024-06-13 14:46:14,851 [INFO] ApiDb:250 - Set database path to: C:\Users\Lenovo\.stmcufinder\plugins\mcufinder//mcu/
2024-06-13 14:46:14,851 [WARN] DbFile:41 - Overriding database path with different value: C:\Users\Lenovo\.stmcufinder\plugins\mcufinder/ => C:\Users\Lenovo\.stmcufinder\plugins\mcufinder
2024-06-13 14:46:14,851 [INFO] DbMcusAds:125 - Set database path to: C:\Users\Lenovo\.stmcufinder\plugins\mcufinder//mcu/
2024-06-13 14:46:14,851 [WARN] DbFile:41 - Overriding database path with different value: C:\Users\Lenovo\.stmcufinder\plugins\mcufinder/ => C:\Users\Lenovo\.stmcufinder\plugins\mcufinder
2024-06-13 14:46:14,851 [WARN] DbFile:41 - Overriding database path with different value: C:\Users\Lenovo\.stmcufinder\plugins\mcufinder/ => C:\Users\Lenovo\.stmcufinder\plugins\mcufinder
2024-06-13 14:46:14,851 [INFO] CrossReferenceDbSqlite:203 - Set database path to: C:\Users\Lenovo\.stmcufinder\plugins\mcufinder//mcu/cs/
2024-06-13 14:46:14,865 [INFO] ApplicationProperties:184 - Using Application install path: D:\STM32\STM32CubeIDE_1.15.1\STM32CubeIDE\plugins\com.st.stm32cube.common.mx_6.11.1.202404110753
2024-06-13 14:46:14,866 [INFO] PluginManage:196 - Search for loadable plugins [exclusion list=, ]
2024-06-13 14:46:14,867 [INFO] PluginManage:310 - Check plugin analytics
2024-06-13 14:46:15,038 [INFO] AnalyticsPlugin:253 - Accepted Software Licenses: 
2024-06-13 14:46:15,039 [INFO] AnalyticsPlugin:255 - Accepted CMSIS Pack Licenses: 
2024-06-13 14:46:15,039 [INFO] AnalyticsPlugin:257 - Accepted Firmware Licenses: FW.L4.1.18.0
2024-06-13 14:46:15,042 [INFO] PluginManage:359 - Loaded plugin analytics (category:tool,tabindex:-1)
2024-06-13 14:46:15,043 [INFO] PluginManage:310 - Check plugin cadmodel
2024-06-13 14:46:15,047 [INFO] CADModel:105 - Init CAD model plugin
2024-06-13 14:46:15,047 [INFO] PluginManage:359 - Loaded plugin cadmodel (category:power,tabindex:5)
2024-06-13 14:46:15,048 [INFO] PluginManage:310 - Check plugin clock
2024-06-13 14:46:15,055 [INFO] PluginManage:359 - Loaded plugin clock (category:base,tabindex:2)
2024-06-13 14:46:15,056 [INFO] PluginManage:310 - Check plugin ddr
2024-06-13 14:46:15,058 [INFO] PluginManage:359 - Loaded plugin ddr (category:tool,tabindex:6)
2024-06-13 14:46:15,058 [INFO] PluginManage:310 - Check plugin filemanager
2024-06-13 14:46:15,187 [INFO] PluginManage:359 - Loaded plugin filemanager (category:base,tabindex:10)
2024-06-13 14:46:15,187 [INFO] PluginManage:310 - Check plugin ipmanager
2024-06-13 14:46:15,195 [INFO] PluginManage:359 - Loaded plugin ipmanager (category:base,tabindex:5)
2024-06-13 14:46:15,196 [INFO] PluginManage:310 - Check plugin lpbam
2024-06-13 14:46:15,204 [INFO] PluginManage:359 - Loaded plugin lpbam (category:base,tabindex:0)
2024-06-13 14:46:15,204 [INFO] PluginManage:310 - Check plugin memorymap
2024-06-13 14:46:15,214 [INFO] PluginManage:359 - Loaded plugin memorymap (category:base,tabindex:4)
2024-06-13 14:46:15,214 [INFO] PluginManage:310 - Check plugin pinoutandconfiguration
2024-06-13 14:46:15,222 [INFO] PluginManage:359 - Loaded plugin pinoutandconfiguration (category:base,tabindex:1)
2024-06-13 14:46:15,222 [INFO] PluginManage:310 - Check plugin pinoutconfig
2024-06-13 14:46:15,300 [WARN] SupportedApi:132 - Cannot load RTOS API schema: s4s-elt-must-match.1: The content of 'definitions' must match (annotation?, (simpleType | complexType)?, (unique | key | keyref)*)). A problem was found starting at: attribute.
2024-06-13 14:46:15,417 [INFO] PluginManage:359 - Loaded plugin pinoutconfig (category:base,tabindex:0)
2024-06-13 14:46:15,417 [INFO] PluginManage:310 - Check plugin power
2024-06-13 14:46:15,427 [INFO] PluginManage:359 - Loaded plugin power (category:power,tabindex:4)
2024-06-13 14:46:15,427 [INFO] PluginManage:310 - Check plugin projectmanager
2024-06-13 14:46:15,443 [INFO] PluginManage:359 - Loaded plugin projectmanager (category:projectmanager,tabindex:3)
2024-06-13 14:46:15,443 [INFO] PluginManage:310 - Check plugin thirdparty
2024-06-13 14:46:15,552 [INFO] PluginManage:359 - Loaded plugin thirdparty (category:base,tabindex:-1)
2024-06-13 14:46:15,551 [WARN] IntegrityCheckThread:84 - waiting for thirdparty lock release [integrity check]
2024-06-13 14:46:15,552 [INFO] PluginManage:310 - Check plugin tools
2024-06-13 14:46:15,552 [INFO] IntegrityCheckThread:86 - entering critical section [integrity check]
2024-06-13 14:46:15,552 [INFO] ThirdPartyUpdaterWithRetryManager:70 - Updater plugin not ready yet. [1/15]
2024-06-13 14:46:15,555 [INFO] PluginManage:359 - Loaded plugin tools (category:base,tabindex:7)
2024-06-13 14:46:15,555 [INFO] PluginManage:310 - Check plugin tutovideos
2024-06-13 14:46:15,708 [INFO] PluginManage:359 - Loaded plugin tutovideos (category:base,tabindex:-1)
2024-06-13 14:46:15,709 [INFO] PluginManage:310 - Check plugin updater
2024-06-13 14:46:15,720 [INFO] PluginManage:359 - Loaded plugin updater (category:base,tabindex:12)
2024-06-13 14:46:15,720 [INFO] PluginManage:310 - Check plugin userauth
2024-06-13 14:46:15,724 [INFO] UserAuth:114 - Init User Auth plugin
2024-06-13 14:46:15,724 [INFO] PluginManage:359 - Loaded plugin userauth (category:base,tabindex:14)
2024-06-13 14:46:15,724 [INFO] PluginManage:283 - PluginManage : Loaded plugins [17]
2024-06-13 14:46:15,916 [INFO] PinOutPanel:1561 - setPackage(No Configuration,No Configuration)
2024-06-13 14:46:15,995 [INFO] CADModel:165 - CPN selected for project level
2024-06-13 14:46:15,995 [INFO] CADModel:114 - Register for checkConnection events
2024-06-13 14:46:16,010 [INFO] IPUIPlugin:80 - create IPUIPlugin
2024-06-13 14:46:16,010 [INFO] PluginManager:220 - loadIPPluginJar : add adc
2024-06-13 14:46:16,013 [INFO] IPUIPlugin:80 - create IPUIPlugin
2024-06-13 14:46:16,013 [INFO] PluginManager:220 - loadIPPluginJar : add aes
2024-06-13 14:46:16,015 [INFO] IPUIPlugin:80 - create IPUIPlugin
2024-06-13 14:46:16,015 [INFO] PluginManager:220 - loadIPPluginJar : add can
2024-06-13 14:46:16,017 [INFO] IPUIPlugin:80 - create IPUIPlugin
2024-06-13 14:46:16,017 [INFO] PluginManager:220 - loadIPPluginJar : add comp
2024-06-13 14:46:16,019 [INFO] IPUIPlugin:80 - create IPUIPlugin
2024-06-13 14:46:16,019 [INFO] PluginManager:220 - loadIPPluginJar : add cryp
2024-06-13 14:46:16,021 [INFO] IPUIPlugin:80 - create IPUIPlugin
2024-06-13 14:46:16,021 [INFO] PluginManager:220 - loadIPPluginJar : add dfsdm
2024-06-13 14:46:16,026 [INFO] IPUIPlugin:80 - create IPUIPlugin
2024-06-13 14:46:16,026 [INFO] PluginManager:220 - loadIPPluginJar : add dma
2024-06-13 14:46:16,028 [INFO] IPUIPlugin:80 - create IPUIPlugin
2024-06-13 14:46:16,028 [INFO] PluginManager:220 - loadIPPluginJar : add dma3
2024-06-13 14:46:16,031 [INFO] IPUIPlugin:80 - create IPUIPlugin
2024-06-13 14:46:16,031 [INFO] PluginManager:220 - loadIPPluginJar : add extmemmanager
2024-06-13 14:46:16,032 [INFO] IPUIPlugin:80 - create IPUIPlugin
2024-06-13 14:46:16,032 [INFO] PluginManager:220 - loadIPPluginJar : add fatfs
2024-06-13 14:46:16,036 [INFO] IPUIPlugin:80 - create IPUIPlugin
2024-06-13 14:46:16,036 [INFO] PluginManager:220 - loadIPPluginJar : add fmc
2024-06-13 14:46:16,041 [INFO] IPUIPlugin:80 - create IPUIPlugin
2024-06-13 14:46:16,041 [INFO] PluginManager:220 - loadIPPluginJar : add freertos
2024-06-13 14:46:16,042 [INFO] IPUIPlugin:80 - create IPUIPlugin
2024-06-13 14:46:16,042 [INFO] PluginManager:220 - loadIPPluginJar : add genericplugin
2024-06-13 14:46:16,044 [INFO] IPUIPlugin:80 - create IPUIPlugin
2024-06-13 14:46:16,044 [INFO] PluginManager:220 - loadIPPluginJar : add gfxmmu
2024-06-13 14:46:16,049 [INFO] IPUIPlugin:80 - create IPUIPlugin
2024-06-13 14:46:16,049 [INFO] PluginManager:220 - loadIPPluginJar : add gic
2024-06-13 14:46:16,052 [INFO] IPUIPlugin:80 - create IPUIPlugin
2024-06-13 14:46:16,053 [INFO] PluginManager:220 - loadIPPluginJar : add gpio
2024-06-13 14:46:16,055 [INFO] IPUIPlugin:80 - create IPUIPlugin
2024-06-13 14:46:16,055 [INFO] PluginManager:220 - loadIPPluginJar : add gtzc
2024-06-13 14:46:16,057 [INFO] IPUIPlugin:80 - create IPUIPlugin
2024-06-13 14:46:16,057 [INFO] PluginManager:220 - loadIPPluginJar : add hash
2024-06-13 14:46:16,059 [INFO] IPUIPlugin:80 - create IPUIPlugin
2024-06-13 14:46:16,060 [INFO] PluginManager:220 - loadIPPluginJar : add i2c
2024-06-13 14:46:16,061 [INFO] IPUIPlugin:80 - create IPUIPlugin
2024-06-13 14:46:16,061 [INFO] PluginManager:220 - loadIPPluginJar : add i2s
2024-06-13 14:46:16,063 [INFO] IPUIPlugin:80 - create IPUIPlugin
2024-06-13 14:46:16,063 [INFO] PluginManager:220 - loadIPPluginJar : add i3c
2024-06-13 14:46:16,066 [INFO] IPUIPlugin:80 - create IPUIPlugin
2024-06-13 14:46:16,066 [INFO] PluginManager:220 - loadIPPluginJar : add ipddr
2024-06-13 14:46:16,071 [INFO] IPUIPlugin:80 - create IPUIPlugin
2024-06-13 14:46:16,072 [INFO] PluginManager:220 - loadIPPluginJar : add linkedlist
2024-06-13 14:46:16,074 [INFO] IPUIPlugin:80 - create IPUIPlugin
2024-06-13 14:46:16,074 [INFO] PluginManager:220 - loadIPPluginJar : add lorawan
2024-06-13 14:46:16,075 [INFO] IPUIPlugin:80 - create IPUIPlugin
2024-06-13 14:46:16,075 [INFO] PluginManager:220 - loadIPPluginJar : add ltdc
2024-06-13 14:46:16,082 [INFO] IPUIPlugin:80 - create IPUIPlugin
2024-06-13 14:46:16,082 [INFO] PluginManager:220 - loadIPPluginJar : add mdma
2024-06-13 14:46:16,085 [INFO] IPUIPlugin:80 - create IPUIPlugin
2024-06-13 14:46:16,085 [INFO] PluginManager:220 - loadIPPluginJar : add nvic
2024-06-13 14:46:16,087 [INFO] IPUIPlugin:80 - create IPUIPlugin
2024-06-13 14:46:16,088 [INFO] PluginManager:220 - loadIPPluginJar : add opamp
2024-06-13 14:46:16,090 [INFO] IPUIPlugin:80 - create IPUIPlugin
2024-06-13 14:46:16,090 [INFO] PluginManager:220 - loadIPPluginJar : add openamp
2024-06-13 14:46:16,093 [INFO] IPUIPlugin:80 - create IPUIPlugin
2024-06-13 14:46:16,093 [INFO] PluginManager:220 - loadIPPluginJar : add pdm2pcm
2024-06-13 14:46:16,098 [INFO] IPUIPlugin:80 - create IPUIPlugin
2024-06-13 14:46:16,100 [INFO] PluginManager:220 - loadIPPluginJar : add plateformsettings
2024-06-13 14:46:16,101 [INFO] IPUIPlugin:80 - create IPUIPlugin
2024-06-13 14:46:16,102 [INFO] PluginManager:220 - loadIPPluginJar : add quadspi
2024-06-13 14:46:16,104 [INFO] IPUIPlugin:80 - create IPUIPlugin
2024-06-13 14:46:16,104 [INFO] PluginManager:220 - loadIPPluginJar : add resmgrutility
2024-06-13 14:46:16,106 [INFO] IPUIPlugin:80 - create IPUIPlugin
2024-06-13 14:46:16,106 [INFO] PluginManager:220 - loadIPPluginJar : add sai
2024-06-13 14:46:16,109 [INFO] IPUIPlugin:80 - create IPUIPlugin
2024-06-13 14:46:16,109 [INFO] PluginManager:220 - loadIPPluginJar : add spi
2024-06-13 14:46:16,112 [INFO] IPUIPlugin:80 - create IPUIPlugin
2024-06-13 14:46:16,112 [INFO] PluginManager:220 - loadIPPluginJar : add stm32_wpan
2024-06-13 14:46:16,114 [INFO] IPUIPlugin:80 - create IPUIPlugin
2024-06-13 14:46:16,114 [INFO] PluginManager:220 - loadIPPluginJar : add tim
2024-06-13 14:46:16,117 [INFO] IPUIPlugin:80 - create IPUIPlugin
2024-06-13 14:46:16,118 [INFO] PluginManager:220 - loadIPPluginJar : add touchsensing
2024-06-13 14:46:16,119 [INFO] IPUIPlugin:80 - create IPUIPlugin
2024-06-13 14:46:16,120 [INFO] PluginManager:220 - loadIPPluginJar : add tracer_emb
2024-06-13 14:46:16,121 [INFO] IPUIPlugin:80 - create IPUIPlugin
2024-06-13 14:46:16,121 [INFO] PluginManager:220 - loadIPPluginJar : add ts
2024-06-13 14:46:16,124 [INFO] IPUIPlugin:80 - create IPUIPlugin
2024-06-13 14:46:16,124 [INFO] PluginManager:220 - loadIPPluginJar : add tsc
2024-06-13 14:46:16,125 [INFO] IPUIPlugin:80 - create IPUIPlugin
2024-06-13 14:46:16,126 [INFO] PluginManager:220 - loadIPPluginJar : add ucpd
2024-06-13 14:46:16,128 [INFO] IPUIPlugin:80 - create IPUIPlugin
2024-06-13 14:46:16,128 [INFO] PluginManager:220 - loadIPPluginJar : add usart
2024-06-13 14:46:16,130 [INFO] IPUIPlugin:80 - create IPUIPlugin
2024-06-13 14:46:16,130 [INFO] PluginManager:220 - loadIPPluginJar : add usbx
2024-06-13 14:46:16,264 [INFO] CADModel:165 - CPN selected for project level
2024-06-13 14:46:16,264 [INFO] CADModel:114 - Register for checkConnection events
2024-06-13 14:46:16,265 [FATAL] Updater:308 - Updater called before beeing initialized
2024-06-13 14:46:16,265 [ERROR] CADModel:125 - Updater not yet initialized, retry later 
2024-06-13 14:46:16,379 [INFO] CADModel:165 - CPN selected for project level
2024-06-13 14:46:16,380 [INFO] CADModel:114 - Register for checkConnection events
2024-06-13 14:46:16,380 [FATAL] Updater:308 - Updater called before beeing initialized
2024-06-13 14:46:16,380 [ERROR] CADModel:125 - Updater not yet initialized, retry later 
2024-06-13 14:46:16,382 [FATAL] Updater:308 - Updater called before beeing initialized
2024-06-13 14:46:16,484 [FATAL] Updater:308 - Updater called before beeing initialized
2024-06-13 14:46:16,488 [INFO] DbMcusAds:53 - JSON generation date=Thu May 16 17:22:00 CST 2024 (1715851320852)
2024-06-13 14:46:16,488 [FATAL] Updater:308 - Updater called before beeing initialized
2024-06-13 14:46:16,518 [WARN] DetailPanel:346 - Failed to get advertising image, set to default
2024-06-13 14:46:16,603 [FATAL] Updater:308 - Updater called before beeing initialized
2024-06-13 14:46:16,604 [FATAL] Updater:308 - Updater called before beeing initialized
2024-06-13 14:46:16,604 [FATAL] Updater:308 - Updater called before beeing initialized
2024-06-13 14:46:16,604 [WARN] DetailPanel:346 - Failed to get advertising image, set to default
2024-06-13 14:46:16,605 [FATAL] Updater:308 - Updater called before beeing initialized
2024-06-13 14:46:16,651 [ERROR] Updater:1120 - MainUpdater not yet initialized. External WinMGr cannot be set.
2024-06-13 14:46:16,654 [INFO] Updater:1056 - Updater Version found : 6.11.1
2024-06-13 14:46:16,677 [INFO] ApplicationProperties:184 - Using Application install path: D:\STM32\STM32CubeIDE_1.15.1\STM32CubeIDE\plugins\com.st.stm32cube.common.mx_6.11.1.202404110753
2024-06-13 14:46:18,256 [ERROR] LogOutputStream:75 - [STDERR_REDIRECT] Jun 13, 2024 2:46:18 PM java.util.prefs.WindowsPreferences <init>
2024-06-13 14:46:18,258 [ERROR] LogOutputStream:75 - [STDERR_REDIRECT] WARNING: Could not open/create prefs root node Software\JavaSoft\Prefs at root 0xffffffff80000002. Windows RegCreateKeyEx(...) returned error code 5.
2024-06-13 14:46:18,258 [ERROR] LogOutputStream:75 - [STDERR_REDIRECT] 
2024-06-13 14:46:18,526 [INFO] MainUpdater:2873 - connection check result : 10
2024-06-13 14:46:18,527 [INFO] MainUpdater:290 - Updater Check For Update Now.
2024-06-13 14:46:18,527 [INFO] MicroXplorer:498 - Change Database Version : DB.6.0.111
2024-06-13 14:46:18,536 [INFO] McuFinderGlobals:63 - Set McuFinder mode to 2 (CubeIDE integrated)
2024-06-13 14:46:18,542 [INFO] UserAuth:415 - Internet connection configuration mode: 1
2024-06-13 14:46:18,555 [WARN] MainUpdater:1194 - Updater busy. Cannot search thirdparties
2024-06-13 14:46:18,555 [INFO] ThirdPartyUpdaterWithRetryManager:96 - Updater plugin is busy. [1/15]
2024-06-13 14:46:18,560 [INFO] JxBrowserEngine:152 - Initiate JxBrowser Engine with user profile folder
2024-06-13 14:46:18,707 [INFO] CheckServerUpdateThread:120 - End of CheckServer Thread
2024-06-13 14:46:19,120 [INFO] WebApp:161 - Instantiating new browser for Auth
2024-06-13 14:46:19,812 [INFO] WebApp:779 - Register for checkConnection events
2024-06-13 14:46:19,812 [INFO] WebApp:414 - Apply proxy settings
2024-06-13 14:46:19,812 [INFO] WebApp:499 - Chromium requires no authentication
2024-06-13 14:46:19,822 [INFO] WebApp:442 - Direct internet connection detected
2024-06-13 14:46:19,956 [INFO] WebApp:192 - Starting web application
2024-06-13 14:46:19,957 [INFO] WebApp:544 - Web application path used D:\STM32\STM32CubeIDE_1.15.1\STM32CubeIDE\plugins\com.st.stm32cube.common.mx_6.11.1.202404110753\db\plugins\mcufinder\reactClient1\index.html
2024-06-13 14:46:21,715 [WARN] PackLoader:240 - Cannot read IP mode file for STMicroelectronics.X-CUBE-SMBUS.2.1.0
2024-06-13 14:46:21,723 [WARN] PackLoader:240 - Cannot read IP mode file for STMicroelectronics.X-CUBE-TOUCHGFX.4.23.2
2024-06-13 14:46:21,752 [WARN] PackLoader:240 - Cannot read IP mode file for STMicroelectronics.X-CUBE-AZRTOS-F7.1.1.0
2024-06-13 14:46:21,763 [WARN] PackLoader:240 - Cannot read IP mode file for STMicroelectronics.FP-SNS-FLIGHT1.5.0.2
2024-06-13 14:46:21,772 [WARN] PackLoader:240 - Cannot read IP mode file for STMicroelectronics.X-CUBE-DISPLAY.3.0.0
2024-06-13 14:46:21,784 [WARN] PackLoader:240 - Cannot read IP mode file for STMicroelectronics.X-CUBE-BLE1.7.0.0
2024-06-13 14:46:21,791 [WARN] PackLoader:240 - Cannot read IP mode file for emotas.I-CUBE-CANOPEN.1.3.0
2024-06-13 14:46:21,805 [WARN] PackLoader:240 - Cannot read IP mode file for STMicroelectronics.X-CUBE-BLEMGR.3.1.0
2024-06-13 14:46:21,815 [WARN] PackLoader:240 - Cannot read IP mode file for STMicroelectronics.FP-SNS-SMARTAG2.1.2.0
2024-06-13 14:46:21,827 [INFO] LogOutputStream:77 - [STDOUT_REDIRECT] 1 : Invalid condition id : UX_CORESTACK_Condition cause : null
2024-06-13 14:46:21,828 [INFO] LogOutputStream:77 - [STDOUT_REDIRECT] 1 : Invalid condition id : UX_CORESTACK_Condition cause : null
2024-06-13 14:46:21,829 [INFO] LogOutputStream:77 - [STDOUT_REDIRECT] 1 : Invalid condition id : UX_CORESTACK_Condition cause : null
2024-06-13 14:46:21,831 [INFO] LogOutputStream:77 - [STDOUT_REDIRECT] 1 : Invalid condition id : UX_CORESTACK_Condition cause : null
2024-06-13 14:46:21,832 [INFO] LogOutputStream:77 - [STDOUT_REDIRECT] 1 : Invalid condition id : UX_CORESTACK_Condition cause : null
2024-06-13 14:46:21,836 [WARN] PackLoader:240 - Cannot read IP mode file for STMicroelectronics.X-CUBE-AZRTOS-WL.2.0.0
2024-06-13 14:46:21,843 [WARN] PackLoader:240 - Cannot read IP mode file for STMicroelectronics.X-CUBE-BLE2.3.3.0
2024-06-13 14:46:21,862 [WARN] PackLoader:240 - Cannot read IP mode file for STMicroelectronics.X-CUBE-AZRTOS-G0.1.1.0
2024-06-13 14:46:21,870 [WARN] PackLoader:240 - Cannot read IP mode file for STMicroelectronics.X-CUBE-NFC4.3.0.0
2024-06-13 14:46:21,875 [WARN] PackLoader:240 - Cannot read IP mode file for wolfSSL.I-CUBE-wolfMQTT.1.18.0
2024-06-13 14:46:21,879 [WARN] PackLoader:240 - Cannot read IP mode file for wolfSSL.I-CUBE-wolfSSL.5.7.0
2024-06-13 14:46:21,883 [WARN] PackLoader:240 - Cannot read IP mode file for STMicroelectronics.FP-ATR-SIGFOX1.3.2.0
2024-06-13 14:46:21,889 [WARN] PackLoader:240 - Cannot read IP mode file for STMicroelectronics.X-CUBE-EEPRMA1.5.1.0
2024-06-13 14:46:21,896 [WARN] PackLoader:240 - Cannot read IP mode file for ITTIA_DB.I-CUBE-ITTIADB.8.9.0
2024-06-13 14:46:21,942 [WARN] PackLoader:240 - Cannot read IP mode file for SEGGER.I-CUBE-embOS.1.3.1
2024-06-13 14:46:21,986 [WARN] PackLoader:240 - Cannot read IP mode file for STMicroelectronics.X-CUBE-ALGOBUILD.1.4.0
2024-06-13 14:46:21,992 [WARN] PackLoader:240 - Cannot read IP mode file for STMicroelectronics.X-CUBE-GNSS1.6.0.0
2024-06-13 14:46:22,008 [WARN] PackLoader:240 - Cannot read IP mode file for STMicroelectronics.X-CUBE-AZRTOS-F4.1.1.0
2024-06-13 14:46:22,029 [WARN] PackLoader:240 - Cannot read IP mode file for STMicroelectronics.X-CUBE-AZRTOS-L5.2.0.0
2024-06-13 14:46:22,037 [WARN] PackLoader:240 - Cannot read IP mode file for STMicroelectronics.X-CUBE-NFC7.1.0.1
2024-06-13 14:46:22,056 [WARN] ConditionMgr:438 - getConditionDescription Invalid condition id : LAN8742 Phy interface Condition cause : null
2024-06-13 14:46:22,057 [WARN] PackLoader:240 - Cannot read IP mode file for STMicroelectronics.X-CUBE-AZRTOS-L4.2.0.0
2024-06-13 14:46:22,060 [WARN] ConditionMgr:1039 - genDependencies : Invalid condition id : LAN8742 Phy interface Condition cause : null
2024-06-13 14:46:22,060 [WARN] ConditionMgr:1039 - genDependencies : Invalid condition id : LAN8742 Phy interface Condition cause : null
2024-06-13 14:46:22,060 [WARN] ConditionMgr:1039 - genDependencies : Invalid condition id : LAN8742 Phy interface Condition cause : null
2024-06-13 14:46:22,066 [WARN] PackLoader:240 - Cannot read IP mode file for STMicroelectronics.X-CUBE-SFXS2LP1.4.0.0
2024-06-13 14:46:22,079 [WARN] ConditionMgr:438 - getConditionDescription Invalid condition id : UX DEVICE CLASS RTOS Condition cause : null
2024-06-13 14:46:22,079 [WARN] ConditionMgr:438 - getConditionDescription Invalid condition id : UX DEVICE CLASS RTOS Condition cause : null
2024-06-13 14:46:22,081 [WARN] PackLoader:240 - Cannot read IP mode file for STMicroelectronics.X-CUBE-AZRTOS-WB.2.0.0
2024-06-13 14:46:22,081 [WARN] ConditionMgr:1039 - genDependencies : Invalid condition id : UX DEVICE CLASS RTOS Condition cause : null
2024-06-13 14:46:22,082 [WARN] ConditionMgr:1039 - genDependencies : Invalid condition id : UX DEVICE CLASS RTOS Condition cause : null
2024-06-13 14:46:22,082 [WARN] ConditionMgr:1039 - genDependencies : Invalid condition id : UX DEVICE CLASS RTOS Condition cause : null
2024-06-13 14:46:22,082 [WARN] ConditionMgr:1039 - genDependencies : Invalid condition id : UX DEVICE CLASS RTOS Condition cause : null
2024-06-13 14:46:22,082 [WARN] ConditionMgr:1039 - genDependencies : Invalid condition id : UX DEVICE CLASS RTOS Condition cause : null
2024-06-13 14:46:22,090 [WARN] PackLoader:240 - Cannot read IP mode file for STMicroelectronics.X-CUBE-SUBG2.5.0.0
2024-06-13 14:46:22,098 [WARN] PackLoader:240 - Cannot read IP mode file for Cesanta.I-CUBE-Mongoose.7.13.0
2024-06-13 14:46:22,110 [WARN] PackLoader:240 - Cannot read IP mode file for STMicroelectronics.X-CUBE-AZRTOS-G4.2.0.0
2024-06-13 14:46:22,115 [WARN] PackLoader:240 - Cannot read IP mode file for STMicroelectronics.X-CUBE-ISPU.2.0.0
2024-06-13 14:46:22,120 [WARN] PackLoader:240 - Cannot read IP mode file for STMicroelectronics.X-CUBE-ALS.1.0.2
2024-06-13 14:46:22,159 [WARN] PackLoader:240 - Cannot read IP mode file for STMicroelectronics.X-CUBE-MEMS1.10.0.0
2024-06-13 14:46:22,280 [WARN] PackLoader:240 - Cannot read IP mode file for portGmbH.I-Cube-SoM-uGOAL.1.1.0
2024-06-13 14:46:22,284 [WARN] PackLoader:240 - Cannot read IP mode file for STMicroelectronics.X-CUBE-ALS.1.0.1
2024-06-13 14:46:22,299 [WARN] PackLoader:240 - Cannot read IP mode file for STMicroelectronics.X-CUBE-AZRTOS-H7RS.1.0.0
2024-06-13 14:46:22,304 [WARN] PackLoader:240 - Cannot read IP mode file for STMicroelectronics.FP-ATR-ASTRA1.2.0.0
2024-06-13 14:46:22,312 [WARN] PackLoader:240 - Cannot read IP mode file for STMicroelectronics.X-CUBE-TOF1.3.4.1
2024-06-13 14:46:22,345 [WARN] PackLoader:240 - Cannot read IP mode file for STMicroelectronics.X-CUBE-AZRTOS-H7.3.2.0
2024-06-13 14:46:22,361 [WARN] PackLoader:240 - Cannot read IP mode file for Infineon.AIROC-Wi-Fi-Bluetooth-STM32.1.6.0
2024-06-13 14:46:22,366 [INFO] ThirdParty:978 - Integrity check success = true
2024-06-13 14:46:22,366 [INFO] IntegrityCheckThread:100 - exiting critical section [integrity check]
2024-06-13 14:46:22,366 [INFO] IntegrityCheckThread:103 - End integrity checks thread
2024-06-13 14:48:30,062 [ERROR] LogOutputStream:75 - [STDERR_REDIRECT] 
2024-06-13 14:48:30,063 [ERROR] LogOutputStream:75 - [STDERR_REDIRECT] 
